2024-05-09T17:54:46.586983Z DEBUG bambu_watcher::app: src\app.rs:173: init
2024-05-09T17:54:47.898781Z DEBUG bambu_watcher::app: src\app.rs:127: resumed
2024-05-09T17:54:50.664023Z DEBUG bambu_watcher::app: src\app.rs:152: tray event: TrayIconEvent { id: TrayIconId("1"), position: PhysicalPosition { x: 1566.0, y: 1063.0 }, icon_rect: Rect { size: PhysicalSize { width: 24, height: 40 }, position: PhysicalPosition { x: 1557.0, y: 1040.0 } }, click_type: Right }
2024-05-09T17:54:51.255486Z DEBUG bambu_watcher::app: src\app.rs:156: reload
2024-05-09T17:54:54.984188Z DEBUG bambu_watcher::app: src\app.rs:152: tray event: TrayIconEvent { id: TrayIconId("1"), position: PhysicalPosition { x: 1573.0, y: 1056.0 }, icon_rect: Rect { size: PhysicalSize { width: 24, height: 40 }, position: PhysicalPosition { x: 1557.0, y: 1040.0 } }, click_type: Right }
2024-05-09T17:54:55.416733Z DEBUG bambu_watcher::app: src\app.rs:160: quit
2024-05-09T18:01:19.111816Z DEBUG bambu_watcher::app: src\app.rs:173: init
2024-05-09T18:01:20.207486Z DEBUG bambu_watcher::app: src\app.rs:127: resumed
2024-05-09T18:02:58.818102Z DEBUG bambu_watcher::app: src\app.rs:173: init
2024-05-09T18:02:59.936513Z DEBUG bambu_watcher::app: src\app.rs:127: resumed
2024-05-09T18:13:28.773644Z DEBUG bambu_watcher::app: src\app.rs:177: init
2024-05-09T18:13:28.775066Z DEBUG bambu_watcher: src/main.rs:97: running PrinterConnManager
2024-05-09T18:13:28.779528Z DEBUG bambu_watcher::client: src\client.rs:69: got printer_msg, id = "01P00A380200510" = Connecting
2024-05-09T18:13:29.813812Z DEBUG bambu_watcher::client: src\client.rs:69: got printer_msg, id = "01P00A380200510" = Connected
2024-05-09T18:13:29.855361Z DEBUG bambu_watcher::app: src\app.rs:128: resumed
2024-05-09T18:13:30.380463Z DEBUG bambu_watcher::client: src\client.rs:69: got printer_msg, id = "01P00A380200510" = Print(Print { print: PrintData { upload: None, nozzle_temper: Some(220.8125), nozzle_target_temper: None, bed_temper: Some(60.375), bed_target_temper: None, chamber_temper: None, mc_print_stage: None, heatbreak_fan_speed: None, cooling_fan_speed: None, big_fan1_speed: None, big_fan2_speed: None, mc_percent: None, mc_remaining_time: None, ams_status: None, ams_rfid_status: None, hw_switch_state: None, spd_mag: None, spd_lvl: None, print_error: None, lifecycle: None, wifi_signal: None, gcode_state: None, gcode_file_prepare_percent: None, queue_number: None, queue_total: None, queue_est: None, queue_sts: None, project_id: None, profile_id: None, task_id: None, subtask_id: None, subtask_name: None, gcode_file: None, stg: None, stg_cur: None, print_type: None, home_flag: None, mc_print_line_number: None, mc_print_sub_stage: None, sdcard: None, force_upgrade: None, mess_production_state: None, layer_num: None, total_layer_num: None, s_obj: None, fan_gear: None, hms: None, online: None, ams: None, ipcam: None, vt_tray: None, lights_report: None, upgrade_state: None, command: Some("push_status"), msg: Some(1), sequence_id: Some("62281") } })
2024-05-09T18:13:31.765293Z DEBUG bambu_watcher::app: src\app.rs:153: tray event: TrayIconEvent { id: TrayIconId("1"), position: PhysicalPosition { x: 1565.0, y: 1063.0 }, icon_rect: Rect { size: PhysicalSize { width: 24, height: 40 }, position: PhysicalPosition { x: 1557.0, y: 1040.0 } }, click_type: Right }
2024-05-09T18:13:32.528835Z DEBUG bambu_watcher::app: src\app.rs:161: quit
2024-05-09T18:16:19.680452Z DEBUG bambu_watcher::app: src\app.rs:194: init
2024-05-09T18:16:19.681652Z DEBUG bambu_watcher: src/main.rs:97: running PrinterConnManager
2024-05-09T18:16:19.684903Z DEBUG bambu_watcher::client: src\client.rs:90: printer connecting: "01P00A380200510"
2024-05-09T18:16:20.483693Z DEBUG bambu_watcher::app: src\app.rs:129: resumed
2024-05-09T18:16:20.676359Z  INFO bambu_watcher::client: src\client.rs:92: printer connected: "01P00A380200510"
2024-05-09T18:16:20.981875Z DEBUG bambu_watcher::app: src\app.rs:170: conn msg: StatusReport("01P00A380200510", PrinterStatusReport { status: Idle, nozzle_temper: Some(220.9375), nozzle_target_temper: Some(220), bed_temper: Some(60.125), bed_target_temper: Some(60), mc_percent: 21, mc_remaining_time: 29280s, print_error: Some(None), print_type: Some("cloud"), subtask_name: Some("Baby Gemstone v7"), layer_num: Some(14), total_layer_num: Some(133), heatbreak_fan_speed: Some("15"), cooling_fan_speed: Some("0"), aux_fan_speed: Some("0"), chamber_fan_speed: Some("0") })
2024-05-09T18:16:20.982684Z DEBUG bambu_watcher::app: src\app.rs:173: got status report from printer: "01P00A380200510"
2024-05-09T18:16:26.658321Z DEBUG bambu_watcher::app: src\app.rs:162: quit
2024-05-09T18:17:48.340160Z DEBUG bambu_watcher::app: src\app.rs:194: init
2024-05-09T18:17:48.341261Z DEBUG bambu_watcher: src/main.rs:97: running PrinterConnManager
2024-05-09T18:17:48.344392Z DEBUG bambu_watcher::client: src\client.rs:90: printer connecting: "01P00A380200510"
2024-05-09T18:17:49.186193Z DEBUG bambu_watcher::app: src\app.rs:129: resumed
2024-05-09T18:17:50.248264Z  INFO bambu_watcher::client: src\client.rs:92: printer connected: "01P00A380200510"
2024-05-09T18:17:50.437529Z DEBUG bambu_watcher::app: src\app.rs:170: conn msg: StatusReport("01P00A380200510", PrinterStatusReport { status: Idle, nozzle_temper: Some(219.46875), nozzle_target_temper: Some(220), bed_temper: Some(60.21875), bed_target_temper: Some(60), mc_percent: 21, mc_remaining_time: Some(29220s), print_error: Some(None), print_type: Some("cloud"), subtask_name: Some("Baby Gemstone v7"), layer_num: Some(14), total_layer_num: Some(133), heatbreak_fan_speed: Some("15"), cooling_fan_speed: Some("15"), aux_fan_speed: Some("10"), chamber_fan_speed: Some("12") })
2024-05-09T18:17:50.438386Z DEBUG bambu_watcher::app: src\app.rs:173: got status report from printer: "01P00A380200510"
2024-05-09T18:42:05.613078Z DEBUG bambu_watcher::app: src\app.rs:221: init
2024-05-09T18:42:05.613464Z DEBUG bambu_watcher::app: src\app.rs:155: resumed
2024-05-09T18:42:05.614180Z DEBUG bambu_watcher: src/main.rs:97: running PrinterConnManager
2024-05-09T18:42:05.617400Z DEBUG bambu_watcher::client: src\client.rs:90: printer connecting: "01P00A380200510"
2024-05-09T18:42:06.660961Z  INFO bambu_watcher::client: src\client.rs:92: printer connected: "01P00A380200510"
2024-05-09T18:42:06.744280Z DEBUG bambu_watcher::app: src\app.rs:196: conn msg: StatusReport("01P00A380200510", PrinterStatusReport { status: Idle, nozzle_temper: Some(219.96875), nozzle_target_temper: Some(220), bed_temper: Some(59.6875), bed_target_temper: Some(60), mc_percent: 25, mc_remaining_time: Some(27720s), print_error: Some(None), print_type: Some("cloud"), subtask_name: Some("Baby Gemstone v7"), layer_num: Some(16), total_layer_num: Some(133), heatbreak_fan_speed: Some("15"), cooling_fan_speed: Some("15"), aux_fan_speed: Some("10"), chamber_fan_speed: Some("12") })
2024-05-09T18:42:06.744938Z DEBUG bambu_watcher::app: src\app.rs:199: got status report from printer: "01P00A380200510"
2024-05-09T18:56:58.318589Z DEBUG bambu_watcher::app: src\app.rs:259: init
2024-05-09T18:58:56.479891Z DEBUG bambu_watcher::app: src\app.rs:264: init
2024-05-09T18:58:57.339994Z DEBUG bambu_watcher::app: src\app.rs:196: resumed
2024-05-09T19:00:58.709911Z DEBUG bambu_watcher::app: src\app.rs:221: tray event: TrayIconEvent { id: TrayIconId("1"), position: PhysicalPosition { x: 1560.0, y: 1061.0 }, icon_rect: Rect { size: PhysicalSize { width: 24, height: 40 }, position: PhysicalPosition { x: 1557.0, y: 1040.0 } }, click_type: Right }
2024-05-09T19:01:00.211313Z DEBUG bambu_watcher::app: src\app.rs:229: quit
2024-05-09T19:03:16.051120Z DEBUG bambu_watcher::app: src\app.rs:273: init
2024-05-09T19:03:16.748775Z DEBUG bambu_watcher::app: src\app.rs:199: resumed
2024-05-09T19:03:20.249635Z DEBUG bambu_watcher::app: src\app.rs:224: tray event: TrayIconEvent { id: TrayIconId("1"), position: PhysicalPosition { x: 1570.0, y: 1059.0 }, icon_rect: Rect { size: PhysicalSize { width: 24, height: 40 }, position: PhysicalPosition { x: 1557.0, y: 1040.0 } }, click_type: Right }
2024-05-09T19:03:23.269373Z DEBUG bambu_watcher::app: src\app.rs:224: tray event: TrayIconEvent { id: TrayIconId("1"), position: PhysicalPosition { x: 1570.0, y: 1071.0 }, icon_rect: Rect { size: PhysicalSize { width: 24, height: 40 }, position: PhysicalPosition { x: 1557.0, y: 1040.0 } }, click_type: Left }
2024-05-09T19:03:24.010979Z DEBUG bambu_watcher::app: src\app.rs:224: tray event: TrayIconEvent { id: TrayIconId("1"), position: PhysicalPosition { x: 1570.0, y: 1070.0 }, icon_rect: Rect { size: PhysicalSize { width: 24, height: 40 }, position: PhysicalPosition { x: 1557.0, y: 1040.0 } }, click_type: Right }
2024-05-09T19:03:24.572708Z DEBUG bambu_watcher::app: src\app.rs:238: quit
2024-05-09T19:03:43.518372Z DEBUG bambu_watcher::app: src\app.rs:274: init
2024-05-09T19:03:44.396578Z DEBUG bambu_watcher::app: src\app.rs:199: resumed
2024-05-09T19:03:45.617567Z DEBUG bambu_watcher::app: src\app.rs:224: tray event: TrayIconEvent { id: TrayIconId("1"), position: PhysicalPosition { x: 1571.0, y: 1060.0 }, icon_rect: Rect { size: PhysicalSize { width: 24, height: 40 }, position: PhysicalPosition { x: 1557.0, y: 1040.0 } }, click_type: Right }
2024-05-09T19:05:04.190890Z DEBUG bambu_watcher::app: src\app.rs:272: init
2024-05-09T19:05:05.023182Z DEBUG bambu_watcher::app: src\app.rs:198: resumed
2024-05-09T19:05:48.437276Z DEBUG bambu_watcher::app: src\app.rs:223: tray event: TrayIconEvent { id: TrayIconId("1"), position: PhysicalPosition { x: 1564.0, y: 1060.0 }, icon_rect: Rect { size: PhysicalSize { width: 24, height: 40 }, position: PhysicalPosition { x: 1557.0, y: 1040.0 } }, click_type: Right }
2024-05-09T19:05:48.437891Z DEBUG bambu_watcher::app: src\app.rs:226: setting printer status: "01P00A380200510" = Instant { t: 2265818.7438567s }
2024-05-09T19:05:50.277955Z DEBUG bambu_watcher::app: src\app.rs:241: unknown menu event: MenuEvent { id: MenuId("01P00A380200510") }
2024-05-09T19:05:51.688829Z DEBUG bambu_watcher::app: src\app.rs:223: tray event: TrayIconEvent { id: TrayIconId("1"), position: PhysicalPosition { x: 1569.0, y: 1058.0 }, icon_rect: Rect { size: PhysicalSize { width: 24, height: 40 }, position: PhysicalPosition { x: 1557.0, y: 1040.0 } }, click_type: Right }
2024-05-09T19:05:51.689289Z DEBUG bambu_watcher::app: src\app.rs:226: setting printer status: "01P00A380200510" = Instant { t: 2265821.9952613s }
2024-05-09T19:05:52.575523Z DEBUG bambu_watcher::app: src\app.rs:223: tray event: TrayIconEvent { id: TrayIconId("1"), position: PhysicalPosition { x: 1569.0, y: 1065.0 }, icon_rect: Rect { size: PhysicalSize { width: 24, height: 40 }, position: PhysicalPosition { x: 1557.0, y: 1040.0 } }, click_type: Right }
2024-05-09T19:05:52.575984Z DEBUG bambu_watcher::app: src\app.rs:226: setting printer status: "01P00A380200510" = Instant { t: 2265822.8819574s }
2024-05-09T19:05:52.862792Z DEBUG bambu_watcher::app: src\app.rs:223: tray event: TrayIconEvent { id: TrayIconId("1"), position: PhysicalPosition { x: 1569.0, y: 1065.0 }, icon_rect: Rect { size: PhysicalSize { width: 24, height: 40 }, position: PhysicalPosition { x: 1557.0, y: 1040.0 } }, click_type: Right }
2024-05-09T19:05:52.863303Z DEBUG bambu_watcher::app: src\app.rs:226: setting printer status: "01P00A380200510" = Instant { t: 2265823.1692751s }
2024-05-09T19:07:51.313177Z DEBUG bambu_watcher::app: src\app.rs:275: init
2024-05-09T19:07:51.314023Z DEBUG bambu_watcher::app: src\app.rs:153: no time left for printer: "01P00A380200510"
2024-05-09T19:07:52.100752Z DEBUG bambu_watcher::app: src\app.rs:201: resumed
2024-05-09T19:07:53.621543Z DEBUG bambu_watcher::app: src\app.rs:226: tray event: TrayIconEvent { id: TrayIconId("1"), position: PhysicalPosition { x: 1574.0, y: 1057.0 }, icon_rect: Rect { size: PhysicalSize { width: 24, height: 40 }, position: PhysicalPosition { x: 1557.0, y: 1040.0 } }, click_type: Right }
2024-05-09T19:07:53.622216Z DEBUG bambu_watcher::app: src\app.rs:229: setting printer status: "01P00A380200510" = Instant { t: 2265943.9281789s }
2024-05-09T19:07:56.466981Z DEBUG bambu_watcher::app: src\app.rs:244: unknown menu event: MenuEvent { id: MenuId("01P00A380200510") }
2024-05-09T19:07:57.812719Z DEBUG bambu_watcher::app: src\app.rs:226: tray event: TrayIconEvent { id: TrayIconId("1"), position: PhysicalPosition { x: 1575.0, y: 1063.0 }, icon_rect: Rect { size: PhysicalSize { width: 24, height: 40 }, position: PhysicalPosition { x: 1557.0, y: 1040.0 } }, click_type: Right }
2024-05-09T19:07:57.813502Z DEBUG bambu_watcher::app: src\app.rs:229: setting printer status: "01P00A380200510" = Instant { t: 2265948.1194694s }
2024-05-09T19:07:59.233336Z DEBUG bambu_watcher::app: src\app.rs:240: quit
2024-05-09T19:08:29.196915Z DEBUG bambu_watcher::app: src\app.rs:276: init
2024-05-09T19:08:29.197927Z DEBUG bambu_watcher::app: src\app.rs:154: no time left for printer: "01P00A380200510"
2024-05-09T19:08:29.985240Z DEBUG bambu_watcher::app: src\app.rs:202: resumed
2024-05-09T19:08:31.424585Z DEBUG bambu_watcher::app: src\app.rs:227: tray event: TrayIconEvent { id: TrayIconId("1"), position: PhysicalPosition { x: 1573.0, y: 1062.0 }, icon_rect: Rect { size: PhysicalSize { width: 24, height: 40 }, position: PhysicalPosition { x: 1557.0, y: 1040.0 } }, click_type: Left }
2024-05-09T19:08:31.425233Z DEBUG bambu_watcher::app: src\app.rs:230: setting printer status: "01P00A380200510" = Instant { t: 2265981.7312007s }
2024-05-09T19:08:31.425703Z DEBUG bambu_watcher::app: src\app.rs:147: setting time left for printer: "01P00A380200510"
2024-05-09T19:08:34.201512Z DEBUG bambu_watcher::app: src\app.rs:227: tray event: TrayIconEvent { id: TrayIconId("1"), position: PhysicalPosition { x: 1572.0, y: 1061.0 }, icon_rect: Rect { size: PhysicalSize { width: 24, height: 40 }, position: PhysicalPosition { x: 1557.0, y: 1040.0 } }, click_type: Right }
2024-05-09T19:08:34.202028Z DEBUG bambu_watcher::app: src\app.rs:230: setting printer status: "01P00A380200510" = Instant { t: 2265984.5079971s }
2024-05-09T19:08:34.202664Z DEBUG bambu_watcher::app: src\app.rs:147: setting time left for printer: "01P00A380200510"
2024-05-09T19:08:36.226335Z DEBUG bambu_watcher::app: src\app.rs:241: quit
2024-05-09T19:09:56.370852Z DEBUG bambu_watcher::app: src\app.rs:280: init
2024-05-09T19:09:56.371717Z DEBUG bambu_watcher::app: src\app.rs:155: no time left for printer: "01P00A380200510"
2024-05-09T19:09:57.186185Z DEBUG bambu_watcher::app: src\app.rs:203: resumed
2024-05-09T19:10:22.469171Z DEBUG bambu_watcher::app: src\app.rs:228: tray event: TrayIconEvent { id: TrayIconId("1"), position: PhysicalPosition { x: 1574.0, y: 1065.0 }, icon_rect: Rect { size: PhysicalSize { width: 24, height: 40 }, position: PhysicalPosition { x: 1557.0, y: 1040.0 } }, click_type: Right }
2024-05-09T19:10:22.469716Z DEBUG bambu_watcher::app: src\app.rs:231: setting printer status: "01P00A380200510" = Instant { t: 2266092.7756851s }
2024-05-09T19:10:22.470300Z DEBUG bambu_watcher::app: src\app.rs:148: setting time left for printer: "01P00A380200510"
2024-05-09T19:10:23.829057Z DEBUG bambu_watcher::app: src\app.rs:228: tray event: TrayIconEvent { id: TrayIconId("1"), position: PhysicalPosition { x: 1571.0, y: 1063.0 }, icon_rect: Rect { size: PhysicalSize { width: 24, height: 40 }, position: PhysicalPosition { x: 1557.0, y: 1040.0 } }, click_type: Right }
2024-05-09T19:10:23.829654Z DEBUG bambu_watcher::app: src\app.rs:231: setting printer status: "01P00A380200510" = Instant { t: 2266094.1356258s }
2024-05-09T19:10:23.830269Z DEBUG bambu_watcher::app: src\app.rs:148: setting time left for printer: "01P00A380200510"
2024-05-09T19:10:24.381482Z DEBUG bambu_watcher::app: src\app.rs:228: tray event: TrayIconEvent { id: TrayIconId("1"), position: PhysicalPosition { x: 1571.0, y: 1061.0 }, icon_rect: Rect { size: PhysicalSize { width: 24, height: 40 }, position: PhysicalPosition { x: 1557.0, y: 1040.0 } }, click_type: Left }
2024-05-09T19:10:24.382027Z DEBUG bambu_watcher::app: src\app.rs:231: setting printer status: "01P00A380200510" = Instant { t: 2266094.6879996s }
2024-05-09T19:10:24.382910Z DEBUG bambu_watcher::app: src\app.rs:148: setting time left for printer: "01P00A380200510"
2024-05-09T19:10:24.900530Z DEBUG bambu_watcher::app: src\app.rs:228: tray event: TrayIconEvent { id: TrayIconId("1"), position: PhysicalPosition { x: 1571.0, y: 1056.0 }, icon_rect: Rect { size: PhysicalSize { width: 24, height: 40 }, position: PhysicalPosition { x: 1557.0, y: 1040.0 } }, click_type: Right }
2024-05-09T19:10:24.901042Z DEBUG bambu_watcher::app: src\app.rs:231: setting printer status: "01P00A380200510" = Instant { t: 2266095.2070153s }
2024-05-09T19:10:24.901323Z DEBUG bambu_watcher::app: src\app.rs:148: setting time left for printer: "01P00A380200510"
